
> mayaallan-site@1.0.0 build
> next build

Attention: Next.js now collects completely anonymous telemetry regarding usage.
This information is used to shape Next.js' roadmap and prioritize features.
You can learn more, including how to opt-out if you'd not like to participate in this anonymous program, by visiting the following URL:
https://nextjs.org/telemetry

  ▲ Next.js 14.2.35
  - Environments: .env.local

   Creating an optimized production build ...
 ✓ Compiled successfully
   Linting and checking validity of types ...
   Collecting page data ...
   Generating static pages (0/19) ...
   Generating static pages (4/19) 
   Generating static pages (9/19) 
   Generating static pages (14/19) 
 ✓ Generating static pages (19/19)
   Finalizing page optimization ...
   Collecting build traces ...

Route (app)                              Size     First Load JS
┌ ○ /                                    180 B          96.1 kB
├ ○ /_not-found                          871 B          88.1 kB
├ ○ /about                               158 B          87.4 kB
├ ○ /admin                               158 B          87.4 kB
├ ○ /admin/login                         699 B          87.9 kB
├ ƒ /api/admin/books                     0 B                0 B
├ ƒ /api/admin/login                     0 B                0 B
├ ƒ /api/admin/logout                    0 B                0 B
├ ƒ /api/admin/uploads                   0 B                0 B
├ ƒ /api/books                           0 B                0 B
├ ○ /articles                            158 B          87.4 kB
├ ○ /books                               180 B          96.1 kB
├ ƒ /books/[slug]                        158 B          87.4 kB
├ ○ /books/new                           180 B          96.1 kB
├ ○ /contact                             158 B          87.4 kB
├ ○ /events                              158 B          87.4 kB
├ ○ /legal                               158 B          87.4 kB
└ ○ /media                               158 B          87.4 kB
+ First Load JS shared by all            87.2 kB
  ├ chunks/493-77dda6058e391959.js       31.7 kB
  ├ chunks/95b29f1a-07e15a988b6364b4.js  53.6 kB
  └ other shared chunks (total)          1.86 kB


○  (Static)   prerendered as static content
ƒ  (Dynamic)  server-rendered on demand

