=== PNPM FIX START: Tue Dec 23 07:45:36 UTC 2025 ===
--- pnpm/node versions ---
v24.11.1
10.23.0
Backing up pnpm-lock.yaml -> pnpm-lock.yaml.bak
'pnpm-lock.yaml' -> 'pnpm-lock.yaml.bak'
Removing pnpm-lock.yaml so pnpm will regenerate it:
--- removing node_modules and pnpm artifacts ---
total 700
drwxrwxrwx+ 13 codespace root        4096 Dec 23 07:45 .
drwxr-xrwx+  6 codespace root        4096 Dec 23 07:43 ..
-rw-rw-rw-   1 codespace root         358 Dec 23 01:13 .env.example
-rw-rw-rw-   1 codespace codespace   2115 Dec 23 02:30 .env.local
-rw-rw-rw-   1 codespace codespace    112 Dec 23 07:21 .eslintrc.json
drwxrwxrwx+  8 codespace root        4096 Dec 23 07:02 .git
drwxrwxrwx+  3 codespace root        4096 Dec 23 01:13 .github
-rw-rw-rw-   1 codespace root         519 Dec 23 01:13 .gitignore
drwxrwxrwx+  7 codespace codespace   4096 Dec 23 07:35 .next
drwxrwxrwx+  2 codespace codespace   4096 Dec 23 02:29 .vercel
-rw-rw-rw-   1 codespace root           1 Dec 23 01:13 ADMIN_BACKEND_SCOPE.md
-rw-rw-rw-   1 codespace codespace      0 Dec 23 06:25 JSON
-rw-rw-rw-   1 codespace root         327 Dec 23 01:13 README-dev.md
-rw-rw-rw-   1 codespace root        1595 Dec 23 01:13 README.md
drwxrwxrwx+  4 codespace root        4096 Dec 23 01:13 archive
-rw-rw-rw-   1 codespace codespace      0 Dec 23 07:09 backup_before_coming_soon_changes.dump
-rw-rw-rw-   1 codespace codespace      0 Dec 23 06:24 book_backup.csv
drwxrwxrwx+  2 codespace root        4096 Dec 23 01:13 docs
drwxrwxrwx+  4 codespace root        4096 Dec 23 06:48 drizzle
-rw-rw-rw-   1 codespace root         244 Dec 23 01:13 drizzle.config.ts
-rw-rw-rw-   1 codespace root         349 Dec 23 01:13 ecosystem.config.js
-rwxrwxrwx   1 codespace root        1303 Dec 23 01:13 ensure-postgres.sh
-rw-rw-rw-   1 codespace root         500 Dec 23 01:13 middleware.ts
drwxrwxrwx+  2 codespace root        4096 Dec 23 01:13 migrations
-rw-rw-rw-   1 codespace root         228 Dec 23 01:13 next-env.d.ts
-rw-rw-rw-   1 codespace root          51 Dec 23 01:13 next.config.mjs
-rw-rw-rw-   1 codespace root      249584 Dec 23 07:28 package-lock.json.bak
-rw-rw-rw-   1 codespace codespace   1280 Dec 23 07:42 package.json
-rw-rw-rw-   1 codespace codespace   6271 Dec 23 07:44 pnpm-debug.log
-rw-rw-rw-   1 codespace codespace    287 Dec 23 07:45 pnpm-fix.log
-rw-rw-rw-   1 codespace codespace 151918 Dec 23 07:45 pnpm-lock.yaml.bak
-rw-rw-rw-   1 codespace root          79 Dec 23 01:13 postcss.config.mjs
drwxrwxrwx+  2 codespace root        4096 Dec 23 01:13 restore-logs-20251218-031535
drwxrwxrwx+  2 codespace root        4096 Dec 23 06:26 scripts
drwxrwxrwx+  5 codespace root        4096 Dec 23 01:13 src
-rwxrwxrwx   1 codespace root        1957 Dec 23 01:13 start-dev-tmux.sh
-rwxrwxrwx   1 codespace root         804 Dec 23 01:13 stop-dev.sh
-rw-rw-rw-   1 codespace root         330 Dec 23 01:13 tailwind.config.ts
-rw-rw-rw-   1 codespace root         824 Dec 23 01:13 tsconfig.json
-rw-rw-rw-   1 codespace codespace 163004 Dec 23 06:15 tsconfig.tsbuildinfo
-rw-rw-rw-   1 codespace root          28 Dec 23 01:13 vercel.json
--- pnpm store prune ---
Removed all cached metadata files
Removed 0 files
Removed 0 packages
--- pnpm cache clean ---
Usage: pnpm cache <command>

Inspect and manage the metadata cache

Commands:
      delete               Deletes metadata cache for the specified package(s).
                           Supports patterns
      list                 Lists the available packages metadata cache. Supports
                           filtering by glob
      list-registries      Lists all registries that have their metadata cache
                           locally
      view                 Views information from the specified package's cache

Visit https://pnpm.io/10.x/cli/cache for documentation about this command.
package.json already requires eslint 9.x -> ^9.39.2
--- running pnpm install (ndjson log) ---
--- last 200 lines of pnpm-install-ndjson.log ---
{"time":1766475957179,"hostname":"codespaces-c1742d","pid":228418,"level":"debug","name":"pnpm:link","target":"/workspaces/mayaallan-site/node_modules/.pnpm/node_modules/cssesc","link":"/workspaces/mayaallan-site/node_modules/.pnpm/cssesc@3.0.0/node_modules/cssesc"}
{"time":1766475957179,"hostname":"codespaces-c1742d","pid":228418,"level":"debug","name":"pnpm:link","target":"/workspaces/mayaallan-site/node_modules/.pnpm/node_modules/object-assign","link":"/workspaces/mayaallan-site/node_modules/.pnpm/object-assign@4.1.1/node_modules/object-assign"}
{"time":1766475957179,"hostname":"codespaces-c1742d","pid":228418,"level":"debug","name":"pnpm:link","target":"/workspaces/mayaallan-site/node_modules/.pnpm/node_modules/react-is","link":"/workspaces/mayaallan-site/node_modules/.pnpm/react-is@16.13.1/node_modules/react-is"}
{"time":1766475957179,"hostname":"codespaces-c1742d","pid":228418,"level":"debug","name":"pnpm:link","target":"/workspaces/mayaallan-site/node_modules/.pnpm/node_modules/path-parse","link":"/workspaces/mayaallan-site/node_modules/.pnpm/path-parse@1.0.7/node_modules/path-parse"}
{"time":1766475957179,"hostname":"codespaces-c1742d","pid":228418,"level":"debug","name":"pnpm:link","target":"/workspaces/mayaallan-site/node_modules/.pnpm/node_modules/supports-preserve-symlinks-flag","link":"/workspaces/mayaallan-site/node_modules/.pnpm/supports-preserve-symlinks-flag@1.0.0/node_modules/supports-preserve-symlinks-flag"}
{"time":1766475957179,"hostname":"codespaces-c1742d","pid":228418,"level":"debug","name":"pnpm:link","target":"/workspaces/mayaallan-site/node_modules/.pnpm/node_modules/is-regex","link":"/workspaces/mayaallan-site/node_modules/.pnpm/is-regex@1.2.1/node_modules/is-regex"}
{"time":1766475957179,"hostname":"codespaces-c1742d","pid":228418,"level":"debug","name":"pnpm:link","target":"/workspaces/mayaallan-site/node_modules/.pnpm/node_modules/regexp.prototype.flags","link":"/workspaces/mayaallan-site/node_modules/.pnpm/regexp.prototype.flags@1.5.4/node_modules/regexp.prototype.flags"}
{"time":1766475957179,"hostname":"codespaces-c1742d","pid":228418,"level":"debug","name":"pnpm:link","target":"/workspaces/mayaallan-site/node_modules/.pnpm/node_modules/set-function-name","link":"/workspaces/mayaallan-site/node_modules/.pnpm/set-function-name@2.0.2/node_modules/set-function-name"}
{"time":1766475957179,"hostname":"codespaces-c1742d","pid":228418,"level":"debug","name":"pnpm:link","target":"/workspaces/mayaallan-site/node_modules/.pnpm/node_modules/client-only","link":"/workspaces/mayaallan-site/node_modules/.pnpm/client-only@0.0.1/node_modules/client-only"}
{"time":1766475957179,"hostname":"codespaces-c1742d","pid":228418,"level":"debug","name":"pnpm:link","target":"/workspaces/mayaallan-site/node_modules/.pnpm/node_modules/side-channel","link":"/workspaces/mayaallan-site/node_modules/.pnpm/side-channel@1.1.0/node_modules/side-channel"}
{"time":1766475957179,"hostname":"codespaces-c1742d","pid":228418,"level":"debug","name":"pnpm:link","target":"/workspaces/mayaallan-site/node_modules/.pnpm/node_modules/mz","link":"/workspaces/mayaallan-site/node_modules/.pnpm/mz@2.7.0/node_modules/mz"}
{"time":1766475957180,"hostname":"codespaces-c1742d","pid":228418,"level":"debug","name":"pnpm:link","target":"/workspaces/mayaallan-site/node_modules/.pnpm/node_modules/pirates","link":"/workspaces/mayaallan-site/node_modules/.pnpm/pirates@4.0.7/node_modules/pirates"}
{"time":1766475957180,"hostname":"codespaces-c1742d","pid":228418,"level":"debug","name":"pnpm:link","target":"/workspaces/mayaallan-site/node_modules/.pnpm/node_modules/lines-and-columns","link":"/workspaces/mayaallan-site/node_modules/.pnpm/lines-and-columns@1.2.4/node_modules/lines-and-columns"}
{"time":1766475957180,"hostname":"codespaces-c1742d","pid":228418,"level":"debug","name":"pnpm:link","target":"/workspaces/mayaallan-site/node_modules/.pnpm/node_modules/@jridgewell/gen-mapping","link":"/workspaces/mayaallan-site/node_modules/.pnpm/@jridgewell+gen-mapping@0.3.13/node_modules/@jridgewell/gen-mapping"}
{"time":1766475957180,"hostname":"codespaces-c1742d","pid":228418,"level":"debug","name":"pnpm:link","target":"/workspaces/mayaallan-site/node_modules/.pnpm/node_modules/ts-interface-checker","link":"/workspaces/mayaallan-site/node_modules/.pnpm/ts-interface-checker@0.1.13/node_modules/ts-interface-checker"}
{"time":1766475957180,"hostname":"codespaces-c1742d","pid":228418,"level":"debug","name":"pnpm:link","target":"/workspaces/mayaallan-site/node_modules/.pnpm/node_modules/commander","link":"/workspaces/mayaallan-site/node_modules/.pnpm/commander@4.1.1/node_modules/commander"}
{"time":1766475957180,"hostname":"codespaces-c1742d","pid":228418,"level":"debug","name":"pnpm:link","target":"/workspaces/mayaallan-site/node_modules/.pnpm/node_modules/strip-bom","link":"/workspaces/mayaallan-site/node_modules/.pnpm/strip-bom@3.0.0/node_modules/strip-bom"}
{"time":1766475957180,"hostname":"codespaces-c1742d","pid":228418,"level":"debug","name":"pnpm:link","target":"/workspaces/mayaallan-site/node_modules/.pnpm/node_modules/minimist","link":"/workspaces/mayaallan-site/node_modules/.pnpm/minimist@1.2.8/node_modules/minimist"}
{"time":1766475957180,"hostname":"codespaces-c1742d","pid":228418,"level":"debug","name":"pnpm:link","target":"/workspaces/mayaallan-site/node_modules/.pnpm/node_modules/@types/json5","link":"/workspaces/mayaallan-site/node_modules/.pnpm/@types+json5@0.0.29/node_modules/@types/json5"}
{"time":1766475957180,"hostname":"codespaces-c1742d","pid":228418,"level":"debug","name":"pnpm:link","target":"/workspaces/mayaallan-site/node_modules/.pnpm/node_modules/@babel/helper-validator-identifier","link":"/workspaces/mayaallan-site/node_modules/.pnpm/@babel+helper-validator-identifier@7.28.5/node_modules/@babel/helper-validator-identifier"}
{"time":1766475957180,"hostname":"codespaces-c1742d","pid":228418,"level":"debug","name":"pnpm:link","target":"/workspaces/mayaallan-site/node_modules/.pnpm/node_modules/jsesc","link":"/workspaces/mayaallan-site/node_modules/.pnpm/jsesc@3.1.0/node_modules/jsesc"}
{"time":1766475957180,"hostname":"codespaces-c1742d","pid":228418,"level":"debug","name":"pnpm:link","target":"/workspaces/mayaallan-site/node_modules/.pnpm/node_modules/@jridgewell/trace-mapping","link":"/workspaces/mayaallan-site/node_modules/.pnpm/@jridgewell+trace-mapping@0.3.31/node_modules/@jridgewell/trace-mapping"}
{"time":1766475957180,"hostname":"codespaces-c1742d","pid":228418,"level":"debug","name":"pnpm:link","target":"/workspaces/mayaallan-site/node_modules/.pnpm/node_modules/@babel/helper-validator-option","link":"/workspaces/mayaallan-site/node_modules/.pnpm/@babel+helper-validator-option@7.27.1/node_modules/@babel/helper-validator-option"}
{"time":1766475957180,"hostname":"codespaces-c1742d","pid":228418,"level":"debug","name":"pnpm:link","target":"/workspaces/mayaallan-site/node_modules/.pnpm/node_modules/lru-cache","link":"/workspaces/mayaallan-site/node_modules/.pnpm/lru-cache@5.1.1/node_modules/lru-cache"}
{"time":1766475957180,"hostname":"codespaces-c1742d","pid":228418,"level":"debug","name":"pnpm:link","target":"/workspaces/mayaallan-site/node_modules/.pnpm/node_modules/levn","link":"/workspaces/mayaallan-site/node_modules/.pnpm/levn@0.4.1/node_modules/levn"}
{"time":1766475957180,"hostname":"codespaces-c1742d","pid":228418,"level":"debug","name":"pnpm:link","target":"/workspaces/mayaallan-site/node_modules/.pnpm/node_modules/js-yaml","link":"/workspaces/mayaallan-site/node_modules/.pnpm/js-yaml@4.1.1/node_modules/js-yaml"}
{"time":1766475957180,"hostname":"codespaces-c1742d","pid":228418,"level":"debug","name":"pnpm:link","target":"/workspaces/mayaallan-site/node_modules/.pnpm/node_modules/hermes-estree","link":"/workspaces/mayaallan-site/node_modules/.pnpm/hermes-estree@0.25.1/node_modules/hermes-estree"}
{"time":1766475957180,"hostname":"codespaces-c1742d","pid":228418,"level":"debug","name":"pnpm:link","target":"/workspaces/mayaallan-site/node_modules/.pnpm/node_modules/@babel/helper-module-imports","link":"/workspaces/mayaallan-site/node_modules/.pnpm/@babel+helper-module-imports@7.27.1/node_modules/@babel/helper-module-imports"}
{"time":1766475957180,"hostname":"codespaces-c1742d","pid":228418,"level":"debug","name":"pnpm:link","target":"/workspaces/mayaallan-site/node_modules/.pnpm/node_modules/source-map-support","link":"/workspaces/mayaallan-site/node_modules/.pnpm/source-map-support@0.5.21/node_modules/source-map-support"}
{"time":1766475957180,"hostname":"codespaces-c1742d","pid":228418,"level":"debug","name":"pnpm:link","target":"/workspaces/mayaallan-site/node_modules/.pnpm/node_modules/color-convert","link":"/workspaces/mayaallan-site/node_modules/.pnpm/color-convert@2.0.1/node_modules/color-convert"}
{"time":1766475957180,"hostname":"codespaces-c1742d","pid":228418,"level":"debug","name":"pnpm:link","target":"/workspaces/mayaallan-site/node_modules/.pnpm/node_modules/concat-map","link":"/workspaces/mayaallan-site/node_modules/.pnpm/concat-map@0.0.1/node_modules/concat-map"}
{"time":1766475957180,"hostname":"codespaces-c1742d","pid":228418,"level":"debug","name":"pnpm:link","target":"/workspaces/mayaallan-site/node_modules/.pnpm/node_modules/balanced-match","link":"/workspaces/mayaallan-site/node_modules/.pnpm/balanced-match@1.0.2/node_modules/balanced-match"}
{"time":1766475957180,"hostname":"codespaces-c1742d","pid":228418,"level":"debug","name":"pnpm:link","target":"/workspaces/mayaallan-site/node_modules/.pnpm/node_modules/fill-range","link":"/workspaces/mayaallan-site/node_modules/.pnpm/fill-range@7.1.1/node_modules/fill-range"}
{"time":1766475957180,"hostname":"codespaces-c1742d","pid":228418,"level":"debug","name":"pnpm:link","target":"/workspaces/mayaallan-site/node_modules/.pnpm/node_modules/call-bind-apply-helpers","link":"/workspaces/mayaallan-site/node_modules/.pnpm/call-bind-apply-helpers@1.0.2/node_modules/call-bind-apply-helpers"}
{"time":1766475957180,"hostname":"codespaces-c1742d","pid":228418,"level":"debug","name":"pnpm:link","target":"/workspaces/mayaallan-site/node_modules/.pnpm/node_modules/es-define-property","link":"/workspaces/mayaallan-site/node_modules/.pnpm/es-define-property@1.0.1/node_modules/es-define-property"}
{"time":1766475957180,"hostname":"codespaces-c1742d","pid":228418,"level":"debug","name":"pnpm:link","target":"/workspaces/mayaallan-site/node_modules/.pnpm/node_modules/define-data-property","link":"/workspaces/mayaallan-site/node_modules/.pnpm/define-data-property@1.1.4/node_modules/define-data-property"}
{"time":1766475957180,"hostname":"codespaces-c1742d","pid":228418,"level":"debug","name":"pnpm:link","target":"/workspaces/mayaallan-site/node_modules/.pnpm/node_modules/set-function-length","link":"/workspaces/mayaallan-site/node_modules/.pnpm/set-function-length@1.2.2/node_modules/set-function-length"}
{"time":1766475957180,"hostname":"codespaces-c1742d","pid":228418,"level":"debug","name":"pnpm:link","target":"/workspaces/mayaallan-site/node_modules/.pnpm/node_modules/array-buffer-byte-length","link":"/workspaces/mayaallan-site/node_modules/.pnpm/array-buffer-byte-length@1.0.2/node_modules/array-buffer-byte-length"}
{"time":1766475957180,"hostname":"codespaces-c1742d","pid":228418,"level":"debug","name":"pnpm:link","target":"/workspaces/mayaallan-site/node_modules/.pnpm/node_modules/arraybuffer.prototype.slice","link":"/workspaces/mayaallan-site/node_modules/.pnpm/arraybuffer.prototype.slice@1.0.4/node_modules/arraybuffer.prototype.slice"}
{"time":1766475957180,"hostname":"codespaces-c1742d","pid":228418,"level":"debug","name":"pnpm:link","target":"/workspaces/mayaallan-site/node_modules/.pnpm/node_modules/object-keys","link":"/workspaces/mayaallan-site/node_modules/.pnpm/object-keys@1.1.1/node_modules/object-keys"}
{"time":1766475957180,"hostname":"codespaces-c1742d","pid":228418,"level":"debug","name":"pnpm:link","target":"/workspaces/mayaallan-site/node_modules/.pnpm/node_modules/data-view-byte-offset","link":"/workspaces/mayaallan-site/node_modules/.pnpm/data-view-byte-offset@1.0.1/node_modules/data-view-byte-offset"}
{"time":1766475957180,"hostname":"codespaces-c1742d","pid":228418,"level":"debug","name":"pnpm:link","target":"/workspaces/mayaallan-site/node_modules/.pnpm/node_modules/data-view-buffer","link":"/workspaces/mayaallan-site/node_modules/.pnpm/data-view-buffer@1.0.2/node_modules/data-view-buffer"}
{"time":1766475957180,"hostname":"codespaces-c1742d","pid":228418,"level":"debug","name":"pnpm:link","target":"/workspaces/mayaallan-site/node_modules/.pnpm/node_modules/available-typed-arrays","link":"/workspaces/mayaallan-site/node_modules/.pnpm/available-typed-arrays@1.0.7/node_modules/available-typed-arrays"}
{"time":1766475957180,"hostname":"codespaces-c1742d","pid":228418,"level":"debug","name":"pnpm:link","target":"/workspaces/mayaallan-site/node_modules/.pnpm/node_modules/data-view-byte-length","link":"/workspaces/mayaallan-site/node_modules/.pnpm/data-view-byte-length@1.0.2/node_modules/data-view-byte-length"}
{"time":1766475957180,"hostname":"codespaces-c1742d","pid":228418,"level":"debug","name":"pnpm:link","target":"/workspaces/mayaallan-site/node_modules/.pnpm/node_modules/es-to-primitive","link":"/workspaces/mayaallan-site/node_modules/.pnpm/es-to-primitive@1.3.0/node_modules/es-to-primitive"}
{"time":1766475957180,"hostname":"codespaces-c1742d","pid":228418,"level":"debug","name":"pnpm:link","target":"/workspaces/mayaallan-site/node_modules/.pnpm/node_modules/get-proto","link":"/workspaces/mayaallan-site/node_modules/.pnpm/get-proto@1.0.1/node_modules/get-proto"}
{"time":1766475957180,"hostname":"codespaces-c1742d","pid":228418,"level":"debug","name":"pnpm:link","target":"/workspaces/mayaallan-site/node_modules/.pnpm/node_modules/get-symbol-description","link":"/workspaces/mayaallan-site/node_modules/.pnpm/get-symbol-description@1.1.0/node_modules/get-symbol-description"}
{"time":1766475957180,"hostname":"codespaces-c1742d","pid":228418,"level":"debug","name":"pnpm:link","target":"/workspaces/mayaallan-site/node_modules/.pnpm/node_modules/is-array-buffer","link":"/workspaces/mayaallan-site/node_modules/.pnpm/is-array-buffer@3.0.5/node_modules/is-array-buffer"}
{"time":1766475957180,"hostname":"codespaces-c1742d","pid":228418,"level":"debug","name":"pnpm:link","target":"/workspaces/mayaallan-site/node_modules/.pnpm/node_modules/function.prototype.name","link":"/workspaces/mayaallan-site/node_modules/.pnpm/function.prototype.name@1.1.8/node_modules/function.prototype.name"}
{"time":1766475957180,"hostname":"codespaces-c1742d","pid":228418,"level":"debug","name":"pnpm:link","target":"/workspaces/mayaallan-site/node_modules/.pnpm/node_modules/is-callable","link":"/workspaces/mayaallan-site/node_modules/.pnpm/is-callable@1.2.7/node_modules/is-callable"}
{"time":1766475957180,"hostname":"codespaces-c1742d","pid":228418,"level":"debug","name":"pnpm:link","target":"/workspaces/mayaallan-site/node_modules/.pnpm/node_modules/is-negative-zero","link":"/workspaces/mayaallan-site/node_modules/.pnpm/is-negative-zero@2.0.3/node_modules/is-negative-zero"}
{"time":1766475957180,"hostname":"codespaces-c1742d","pid":228418,"level":"debug","name":"pnpm:link","target":"/workspaces/mayaallan-site/node_modules/.pnpm/node_modules/is-set","link":"/workspaces/mayaallan-site/node_modules/.pnpm/is-set@2.0.3/node_modules/is-set"}
{"time":1766475957180,"hostname":"codespaces-c1742d","pid":228418,"level":"debug","name":"pnpm:link","target":"/workspaces/mayaallan-site/node_modules/.pnpm/node_modules/is-weakref","link":"/workspaces/mayaallan-site/node_modules/.pnpm/is-weakref@1.1.1/node_modules/is-weakref"}
{"time":1766475957180,"hostname":"codespaces-c1742d","pid":228418,"level":"debug","name":"pnpm:link","target":"/workspaces/mayaallan-site/node_modules/.pnpm/node_modules/is-shared-array-buffer","link":"/workspaces/mayaallan-site/node_modules/.pnpm/is-shared-array-buffer@1.0.4/node_modules/is-shared-array-buffer"}
{"time":1766475957180,"hostname":"codespaces-c1742d","pid":228418,"level":"debug","name":"pnpm:link","target":"/workspaces/mayaallan-site/node_modules/.pnpm/node_modules/is-data-view","link":"/workspaces/mayaallan-site/node_modules/.pnpm/is-data-view@1.0.2/node_modules/is-data-view"}
{"time":1766475957180,"hostname":"codespaces-c1742d","pid":228418,"level":"debug","name":"pnpm:link","target":"/workspaces/mayaallan-site/node_modules/.pnpm/node_modules/safe-push-apply","link":"/workspaces/mayaallan-site/node_modules/.pnpm/safe-push-apply@1.0.0/node_modules/safe-push-apply"}
{"time":1766475957180,"hostname":"codespaces-c1742d","pid":228418,"level":"debug","name":"pnpm:link","target":"/workspaces/mayaallan-site/node_modules/.pnpm/node_modules/is-typed-array","link":"/workspaces/mayaallan-site/node_modules/.pnpm/is-typed-array@1.1.15/node_modules/is-typed-array"}
{"time":1766475957180,"hostname":"codespaces-c1742d","pid":228418,"level":"debug","name":"pnpm:link","target":"/workspaces/mayaallan-site/node_modules/.pnpm/node_modules/object-inspect","link":"/workspaces/mayaallan-site/node_modules/.pnpm/object-inspect@1.13.4/node_modules/object-inspect"}
{"time":1766475957180,"hostname":"codespaces-c1742d","pid":228418,"level":"debug","name":"pnpm:link","target":"/workspaces/mayaallan-site/node_modules/.pnpm/node_modules/own-keys","link":"/workspaces/mayaallan-site/node_modules/.pnpm/own-keys@1.0.1/node_modules/own-keys"}
{"time":1766475957180,"hostname":"codespaces-c1742d","pid":228418,"level":"debug","name":"pnpm:link","target":"/workspaces/mayaallan-site/node_modules/.pnpm/node_modules/typed-array-buffer","link":"/workspaces/mayaallan-site/node_modules/.pnpm/typed-array-buffer@1.0.3/node_modules/typed-array-buffer"}
{"time":1766475957180,"hostname":"codespaces-c1742d","pid":228418,"level":"debug","name":"pnpm:link","target":"/workspaces/mayaallan-site/node_modules/.pnpm/node_modules/string.prototype.trimstart","link":"/workspaces/mayaallan-site/node_modules/.pnpm/string.prototype.trimstart@1.0.8/node_modules/string.prototype.trimstart"}
{"time":1766475957180,"hostname":"codespaces-c1742d","pid":228418,"level":"debug","name":"pnpm:link","target":"/workspaces/mayaallan-site/node_modules/.pnpm/node_modules/stop-iteration-iterator","link":"/workspaces/mayaallan-site/node_modules/.pnpm/stop-iteration-iterator@1.1.0/node_modules/stop-iteration-iterator"}
{"time":1766475957180,"hostname":"codespaces-c1742d","pid":228418,"level":"debug","name":"pnpm:link","target":"/workspaces/mayaallan-site/node_modules/.pnpm/node_modules/string.prototype.trim","link":"/workspaces/mayaallan-site/node_modules/.pnpm/string.prototype.trim@1.2.10/node_modules/string.prototype.trim"}
{"time":1766475957180,"hostname":"codespaces-c1742d","pid":228418,"level":"debug","name":"pnpm:link","target":"/workspaces/mayaallan-site/node_modules/.pnpm/node_modules/typed-array-length","link":"/workspaces/mayaallan-site/node_modules/.pnpm/typed-array-length@1.0.7/node_modules/typed-array-length"}
{"time":1766475957180,"hostname":"codespaces-c1742d","pid":228418,"level":"debug","name":"pnpm:link","target":"/workspaces/mayaallan-site/node_modules/.pnpm/node_modules/set-proto","link":"/workspaces/mayaallan-site/node_modules/.pnpm/set-proto@1.0.0/node_modules/set-proto"}
{"time":1766475957180,"hostname":"codespaces-c1742d","pid":228418,"level":"debug","name":"pnpm:link","target":"/workspaces/mayaallan-site/node_modules/.pnpm/node_modules/typed-array-byte-offset","link":"/workspaces/mayaallan-site/node_modules/.pnpm/typed-array-byte-offset@1.0.4/node_modules/typed-array-byte-offset"}
{"time":1766475957180,"hostname":"codespaces-c1742d","pid":228418,"level":"debug","name":"pnpm:link","target":"/workspaces/mayaallan-site/node_modules/.pnpm/node_modules/typed-array-byte-length","link":"/workspaces/mayaallan-site/node_modules/.pnpm/typed-array-byte-length@1.0.3/node_modules/typed-array-byte-length"}
{"time":1766475957181,"hostname":"codespaces-c1742d","pid":228418,"level":"debug","name":"pnpm:link","target":"/workspaces/mayaallan-site/node_modules/.pnpm/node_modules/which-typed-array","link":"/workspaces/mayaallan-site/node_modules/.pnpm/which-typed-array@1.1.19/node_modules/which-typed-array"}
{"time":1766475957181,"hostname":"codespaces-c1742d","pid":228418,"level":"debug","name":"pnpm:link","target":"/workspaces/mayaallan-site/node_modules/.pnpm/node_modules/unbox-primitive","link":"/workspaces/mayaallan-site/node_modules/.pnpm/unbox-primitive@1.1.0/node_modules/unbox-primitive"}
{"time":1766475957181,"hostname":"codespaces-c1742d","pid":228418,"level":"debug","name":"pnpm:link","target":"/workspaces/mayaallan-site/node_modules/.pnpm/node_modules/flatted","link":"/workspaces/mayaallan-site/node_modules/.pnpm/flatted@3.3.3/node_modules/flatted"}
{"time":1766475957181,"hostname":"codespaces-c1742d","pid":228418,"level":"debug","name":"pnpm:link","target":"/workspaces/mayaallan-site/node_modules/.pnpm/node_modules/keyv","link":"/workspaces/mayaallan-site/node_modules/.pnpm/keyv@4.5.4/node_modules/keyv"}
{"time":1766475957181,"hostname":"codespaces-c1742d","pid":228418,"level":"debug","name":"pnpm:link","target":"/workspaces/mayaallan-site/node_modules/.pnpm/node_modules/@babel/helper-globals","link":"/workspaces/mayaallan-site/node_modules/.pnpm/@babel+helper-globals@7.28.0/node_modules/@babel/helper-globals"}
{"time":1766475957181,"hostname":"codespaces-c1742d","pid":228418,"level":"debug","name":"pnpm:link","target":"/workspaces/mayaallan-site/node_modules/.pnpm/node_modules/@babel/helper-string-parser","link":"/workspaces/mayaallan-site/node_modules/.pnpm/@babel+helper-string-parser@7.27.1/node_modules/@babel/helper-string-parser"}
{"time":1766475957181,"hostname":"codespaces-c1742d","pid":228418,"level":"debug","name":"pnpm:link","target":"/workspaces/mayaallan-site/node_modules/.pnpm/node_modules/@babel/compat-data","link":"/workspaces/mayaallan-site/node_modules/.pnpm/@babel+compat-data@7.28.5/node_modules/@babel/compat-data"}
{"time":1766475957181,"hostname":"codespaces-c1742d","pid":228418,"level":"debug","name":"pnpm:link","target":"/workspaces/mayaallan-site/node_modules/.pnpm/node_modules/resolve-pkg-maps","link":"/workspaces/mayaallan-site/node_modules/.pnpm/resolve-pkg-maps@1.0.0/node_modules/resolve-pkg-maps"}
{"time":1766475957183,"hostname":"codespaces-c1742d","pid":228418,"level":"debug","name":"pnpm:link","target":"/workspaces/mayaallan-site/node_modules/.pnpm/node_modules/has-tostringtag","link":"/workspaces/mayaallan-site/node_modules/.pnpm/has-tostringtag@1.0.2/node_modules/has-tostringtag"}
{"time":1766475957183,"hostname":"codespaces-c1742d","pid":228418,"level":"debug","name":"pnpm:link","target":"/workspaces/mayaallan-site/node_modules/.pnpm/node_modules/argparse","link":"/workspaces/mayaallan-site/node_modules/.pnpm/argparse@2.0.1/node_modules/argparse"}
{"time":1766475957183,"hostname":"codespaces-c1742d","pid":228418,"level":"debug","name":"pnpm:link","target":"/workspaces/mayaallan-site/node_modules/.pnpm/node_modules/buffer-equal-constant-time","link":"/workspaces/mayaallan-site/node_modules/.pnpm/buffer-equal-constant-time@1.0.1/node_modules/buffer-equal-constant-time"}
{"time":1766475957183,"hostname":"codespaces-c1742d","pid":228418,"level":"debug","name":"pnpm:link","target":"/workspaces/mayaallan-site/node_modules/.pnpm/node_modules/ecdsa-sig-formatter","link":"/workspaces/mayaallan-site/node_modules/.pnpm/ecdsa-sig-formatter@1.0.11/node_modules/ecdsa-sig-formatter"}
{"time":1766475957183,"hostname":"codespaces-c1742d","pid":228418,"level":"debug","name":"pnpm:link","target":"/workspaces/mayaallan-site/node_modules/.pnpm/node_modules/p-locate","link":"/workspaces/mayaallan-site/node_modules/.pnpm/p-locate@5.0.0/node_modules/p-locate"}
{"time":1766475957183,"hostname":"codespaces-c1742d","pid":228418,"level":"debug","name":"pnpm:link","target":"/workspaces/mayaallan-site/node_modules/.pnpm/node_modules/any-promise","link":"/workspaces/mayaallan-site/node_modules/.pnpm/any-promise@1.3.0/node_modules/any-promise"}
{"time":1766475957183,"hostname":"codespaces-c1742d","pid":228418,"level":"debug","name":"pnpm:link","target":"/workspaces/mayaallan-site/node_modules/.pnpm/node_modules/thenify-all","link":"/workspaces/mayaallan-site/node_modules/.pnpm/thenify-all@1.6.0/node_modules/thenify-all"}
{"time":1766475957183,"hostname":"codespaces-c1742d","pid":228418,"level":"debug","name":"pnpm:link","target":"/workspaces/mayaallan-site/node_modules/.pnpm/node_modules/pify","link":"/workspaces/mayaallan-site/node_modules/.pnpm/pify@2.3.0/node_modules/pify"}
{"time":1766475957183,"hostname":"codespaces-c1742d","pid":228418,"level":"debug","name":"pnpm:link","target":"/workspaces/mayaallan-site/node_modules/.pnpm/node_modules/shebang-regex","link":"/workspaces/mayaallan-site/node_modules/.pnpm/shebang-regex@3.0.0/node_modules/shebang-regex"}
{"time":1766475957183,"hostname":"codespaces-c1742d","pid":228418,"level":"debug","name":"pnpm:link","target":"/workspaces/mayaallan-site/node_modules/.pnpm/node_modules/has-flag","link":"/workspaces/mayaallan-site/node_modules/.pnpm/has-flag@4.0.0/node_modules/has-flag"}
{"time":1766475957183,"hostname":"codespaces-c1742d","pid":228418,"level":"debug","name":"pnpm:link","target":"/workspaces/mayaallan-site/node_modules/.pnpm/node_modules/fdir","link":"/workspaces/mayaallan-site/node_modules/.pnpm/fdir@6.5.0_picomatch@4.0.3/node_modules/fdir"}
{"time":1766475957183,"hostname":"codespaces-c1742d","pid":228418,"level":"debug","name":"pnpm:link","target":"/workspaces/mayaallan-site/node_modules/.pnpm/node_modules/@unrs/resolver-binding-linux-x64-musl","link":"/workspaces/mayaallan-site/node_modules/.pnpm/@unrs+resolver-binding-linux-x64-musl@1.11.1/node_modules/@unrs/resolver-binding-linux-x64-musl"}
{"time":1766475957183,"hostname":"codespaces-c1742d","pid":228418,"level":"debug","name":"pnpm:link","target":"/workspaces/mayaallan-site/node_modules/.pnpm/node_modules/napi-postinstall","link":"/workspaces/mayaallan-site/node_modules/.pnpm/napi-postinstall@0.3.4/node_modules/napi-postinstall"}
{"time":1766475957183,"hostname":"codespaces-c1742d","pid":228418,"level":"debug","name":"pnpm:link","target":"/workspaces/mayaallan-site/node_modules/.pnpm/node_modules/escalade","link":"/workspaces/mayaallan-site/node_modules/.pnpm/escalade@3.2.0/node_modules/escalade"}
{"time":1766475957183,"hostname":"codespaces-c1742d","pid":228418,"level":"debug","name":"pnpm:link","target":"/workspaces/mayaallan-site/node_modules/.pnpm/node_modules/punycode","link":"/workspaces/mayaallan-site/node_modules/.pnpm/punycode@2.3.1/node_modules/punycode"}
{"time":1766475957183,"hostname":"codespaces-c1742d","pid":228418,"level":"debug","name":"pnpm:link","target":"/workspaces/mayaallan-site/node_modules/.pnpm/node_modules/isexe","link":"/workspaces/mayaallan-site/node_modules/.pnpm/isexe@2.0.0/node_modules/isexe"}
{"time":1766475957184,"hostname":"codespaces-c1742d","pid":228418,"level":"debug","name":"pnpm:link","target":"/workspaces/mayaallan-site/node_modules/.pnpm/node_modules/@jridgewell/sourcemap-codec","link":"/workspaces/mayaallan-site/node_modules/.pnpm/@jridgewell+sourcemap-codec@1.5.5/node_modules/@jridgewell/sourcemap-codec"}
{"time":1766475957184,"hostname":"codespaces-c1742d","pid":228418,"level":"debug","name":"pnpm:link","target":"/workspaces/mayaallan-site/node_modules/.pnpm/node_modules/@jridgewell/resolve-uri","link":"/workspaces/mayaallan-site/node_modules/.pnpm/@jridgewell+resolve-uri@3.1.2/node_modules/@jridgewell/resolve-uri"}
{"time":1766475957184,"hostname":"codespaces-c1742d","pid":228418,"level":"debug","name":"pnpm:link","target":"/workspaces/mayaallan-site/node_modules/.pnpm/node_modules/fastq","link":"/workspaces/mayaallan-site/node_modules/.pnpm/fastq@1.19.1/node_modules/fastq"}
{"time":1766475957184,"hostname":"codespaces-c1742d","pid":228418,"level":"debug","name":"pnpm:link","target":"/workspaces/mayaallan-site/node_modules/.pnpm/node_modules/@nodelib/fs.scandir","link":"/workspaces/mayaallan-site/node_modules/.pnpm/@nodelib+fs.scandir@2.1.5/node_modules/@nodelib/fs.scandir"}
{"time":1766475957184,"hostname":"codespaces-c1742d","pid":228418,"level":"debug","name":"pnpm:link","target":"/workspaces/mayaallan-site/node_modules/.pnpm/node_modules/possible-typed-array-names","link":"/workspaces/mayaallan-site/node_modules/.pnpm/possible-typed-array-names@1.1.0/node_modules/possible-typed-array-names"}
{"time":1766475957184,"hostname":"codespaces-c1742d","pid":228418,"level":"debug","name":"pnpm:link","target":"/workspaces/mayaallan-site/node_modules/.pnpm/node_modules/color-name","link":"/workspaces/mayaallan-site/node_modules/.pnpm/color-name@1.1.4/node_modules/color-name"}
{"time":1766475957184,"hostname":"codespaces-c1742d","pid":228418,"level":"debug","name":"pnpm:link","target":"/workspaces/mayaallan-site/node_modules/.pnpm/node_modules/is-date-object","link":"/workspaces/mayaallan-site/node_modules/.pnpm/is-date-object@1.1.0/node_modules/is-date-object"}
{"time":1766475957184,"hostname":"codespaces-c1742d","pid":228418,"level":"debug","name":"pnpm:link","target":"/workspaces/mayaallan-site/node_modules/.pnpm/node_modules/is-symbol","link":"/workspaces/mayaallan-site/node_modules/.pnpm/is-symbol@1.1.1/node_modules/is-symbol"}
{"time":1766475957184,"hostname":"codespaces-c1742d","pid":228418,"level":"debug","name":"pnpm:link","target":"/workspaces/mayaallan-site/node_modules/.pnpm/node_modules/to-regex-range","link":"/workspaces/mayaallan-site/node_modules/.pnpm/to-regex-range@5.0.1/node_modules/to-regex-range"}
{"time":1766475957184,"hostname":"codespaces-c1742d","pid":228418,"level":"debug","name":"pnpm:link","target":"/workspaces/mayaallan-site/node_modules/.pnpm/node_modules/functions-have-names","link":"/workspaces/mayaallan-site/node_modules/.pnpm/functions-have-names@1.2.3/node_modules/functions-have-names"}
{"time":1766475957184,"hostname":"codespaces-c1742d","pid":228418,"level":"debug","name":"pnpm:link","target":"/workspaces/mayaallan-site/node_modules/.pnpm/node_modules/dunder-proto","link":"/workspaces/mayaallan-site/node_modules/.pnpm/dunder-proto@1.0.1/node_modules/dunder-proto"}
{"time":1766475957184,"hostname":"codespaces-c1742d","pid":228418,"level":"debug","name":"pnpm:link","target":"/workspaces/mayaallan-site/node_modules/.pnpm/node_modules/json-buffer","link":"/workspaces/mayaallan-site/node_modules/.pnpm/json-buffer@3.0.1/node_modules/json-buffer"}
{"time":1766475957184,"hostname":"codespaces-c1742d","pid":228418,"level":"debug","name":"pnpm:link","target":"/workspaces/mayaallan-site/node_modules/.pnpm/node_modules/yallist","link":"/workspaces/mayaallan-site/node_modules/.pnpm/yallist@3.1.1/node_modules/yallist"}
{"time":1766475957184,"hostname":"codespaces-c1742d","pid":228418,"level":"debug","name":"pnpm:link","target":"/workspaces/mayaallan-site/node_modules/.pnpm/node_modules/p-limit","link":"/workspaces/mayaallan-site/node_modules/.pnpm/p-limit@3.1.0/node_modules/p-limit"}
{"time":1766475957184,"hostname":"codespaces-c1742d","pid":228418,"level":"debug","name":"pnpm:link","target":"/workspaces/mayaallan-site/node_modules/.pnpm/node_modules/callsites","link":"/workspaces/mayaallan-site/node_modules/.pnpm/callsites@3.1.0/node_modules/callsites"}
{"time":1766475957184,"hostname":"codespaces-c1742d","pid":228418,"level":"debug","name":"pnpm:link","target":"/workspaces/mayaallan-site/node_modules/.pnpm/node_modules/isarray","link":"/workspaces/mayaallan-site/node_modules/.pnpm/isarray@2.0.5/node_modules/isarray"}
{"time":1766475957185,"hostname":"codespaces-c1742d","pid":228418,"level":"debug","name":"pnpm:link","target":"/workspaces/mayaallan-site/node_modules/.pnpm/node_modules/buffer-from","link":"/workspaces/mayaallan-site/node_modules/.pnpm/buffer-from@1.1.2/node_modules/buffer-from"}
{"time":1766475957185,"hostname":"codespaces-c1742d","pid":228418,"level":"debug","name":"pnpm:link","target":"/workspaces/mayaallan-site/node_modules/.pnpm/node_modules/source-map","link":"/workspaces/mayaallan-site/node_modules/.pnpm/source-map@0.6.1/node_modules/source-map"}
{"time":1766475957185,"hostname":"codespaces-c1742d","pid":228418,"level":"debug","name":"pnpm:link","target":"/workspaces/mayaallan-site/node_modules/.pnpm/node_modules/for-each","link":"/workspaces/mayaallan-site/node_modules/.pnpm/for-each@0.3.5/node_modules/for-each"}
{"time":1766475957185,"hostname":"codespaces-c1742d","pid":228418,"level":"debug","name":"pnpm:link","target":"/workspaces/mayaallan-site/node_modules/.pnpm/node_modules/reflect.getprototypeof","link":"/workspaces/mayaallan-site/node_modules/.pnpm/reflect.getprototypeof@1.0.10/node_modules/reflect.getprototypeof"}
{"time":1766475957185,"hostname":"codespaces-c1742d","pid":228418,"level":"debug","name":"pnpm:link","target":"/workspaces/mayaallan-site/node_modules/.pnpm/node_modules/thenify","link":"/workspaces/mayaallan-site/node_modules/.pnpm/thenify@3.3.1/node_modules/thenify"}
{"time":1766475957185,"hostname":"codespaces-c1742d","pid":228418,"level":"debug","name":"pnpm:link","target":"/workspaces/mayaallan-site/node_modules/.pnpm/node_modules/which-boxed-primitive","link":"/workspaces/mayaallan-site/node_modules/.pnpm/which-boxed-primitive@1.1.1/node_modules/which-boxed-primitive"}
{"time":1766475957185,"hostname":"codespaces-c1742d","pid":228418,"level":"debug","name":"pnpm:link","target":"/workspaces/mayaallan-site/node_modules/.pnpm/node_modules/has-bigints","link":"/workspaces/mayaallan-site/node_modules/.pnpm/has-bigints@1.1.0/node_modules/has-bigints"}
{"time":1766475957185,"hostname":"codespaces-c1742d","pid":228418,"level":"debug","name":"pnpm:link","target":"/workspaces/mayaallan-site/node_modules/.pnpm/node_modules/run-parallel","link":"/workspaces/mayaallan-site/node_modules/.pnpm/run-parallel@1.2.0/node_modules/run-parallel"}
{"time":1766475957185,"hostname":"codespaces-c1742d","pid":228418,"level":"debug","name":"pnpm:link","target":"/workspaces/mayaallan-site/node_modules/.pnpm/node_modules/reusify","link":"/workspaces/mayaallan-site/node_modules/.pnpm/reusify@1.1.0/node_modules/reusify"}
{"time":1766475957185,"hostname":"codespaces-c1742d","pid":228418,"level":"debug","name":"pnpm:link","target":"/workspaces/mayaallan-site/node_modules/.pnpm/node_modules/yocto-queue","link":"/workspaces/mayaallan-site/node_modules/.pnpm/yocto-queue@0.1.0/node_modules/yocto-queue"}
{"time":1766475957185,"hostname":"codespaces-c1742d","pid":228418,"level":"debug","name":"pnpm:link","target":"/workspaces/mayaallan-site/node_modules/.pnpm/node_modules/which-builtin-type","link":"/workspaces/mayaallan-site/node_modules/.pnpm/which-builtin-type@1.2.1/node_modules/which-builtin-type"}
{"time":1766475957186,"hostname":"codespaces-c1742d","pid":228418,"level":"debug","name":"pnpm:link","target":"/workspaces/mayaallan-site/node_modules/.pnpm/node_modules/side-channel-list","link":"/workspaces/mayaallan-site/node_modules/.pnpm/side-channel-list@1.0.0/node_modules/side-channel-list"}
{"time":1766475957186,"hostname":"codespaces-c1742d","pid":228418,"level":"debug","name":"pnpm:link","target":"/workspaces/mayaallan-site/node_modules/.pnpm/node_modules/side-channel-map","link":"/workspaces/mayaallan-site/node_modules/.pnpm/side-channel-map@1.0.1/node_modules/side-channel-map"}
{"time":1766475957187,"hostname":"codespaces-c1742d","pid":228418,"level":"debug","name":"pnpm:link","target":"/workspaces/mayaallan-site/node_modules/.pnpm/node_modules/side-channel-weakmap","link":"/workspaces/mayaallan-site/node_modules/.pnpm/side-channel-weakmap@1.0.2/node_modules/side-channel-weakmap"}
{"time":1766475957187,"hostname":"codespaces-c1742d","pid":228418,"level":"debug","name":"pnpm:link","target":"/workspaces/mayaallan-site/node_modules/.pnpm/node_modules/is-number","link":"/workspaces/mayaallan-site/node_modules/.pnpm/is-number@7.0.0/node_modules/is-number"}
{"time":1766475957187,"hostname":"codespaces-c1742d","pid":228418,"level":"debug","name":"pnpm:link","target":"/workspaces/mayaallan-site/node_modules/.pnpm/node_modules/is-boolean-object","link":"/workspaces/mayaallan-site/node_modules/.pnpm/is-boolean-object@1.2.2/node_modules/is-boolean-object"}
{"time":1766475957187,"hostname":"codespaces-c1742d","pid":228418,"level":"debug","name":"pnpm:link","target":"/workspaces/mayaallan-site/node_modules/.pnpm/node_modules/is-number-object","link":"/workspaces/mayaallan-site/node_modules/.pnpm/is-number-object@1.1.1/node_modules/is-number-object"}
{"time":1766475957187,"hostname":"codespaces-c1742d","pid":228418,"level":"debug","name":"pnpm:link","target":"/workspaces/mayaallan-site/node_modules/.pnpm/node_modules/is-bigint","link":"/workspaces/mayaallan-site/node_modules/.pnpm/is-bigint@1.1.0/node_modules/is-bigint"}
{"time":1766475957187,"hostname":"codespaces-c1742d","pid":228418,"level":"debug","name":"pnpm:link","target":"/workspaces/mayaallan-site/node_modules/.pnpm/node_modules/parent-module","link":"/workspaces/mayaallan-site/node_modules/.pnpm/parent-module@1.0.1/node_modules/parent-module"}
{"time":1766475957187,"hostname":"codespaces-c1742d","pid":228418,"level":"debug","name":"pnpm:link","target":"/workspaces/mayaallan-site/node_modules/.pnpm/node_modules/is-async-function","link":"/workspaces/mayaallan-site/node_modules/.pnpm/is-async-function@2.1.1/node_modules/is-async-function"}
{"time":1766475957187,"hostname":"codespaces-c1742d","pid":228418,"level":"debug","name":"pnpm:link","target":"/workspaces/mayaallan-site/node_modules/.pnpm/node_modules/is-finalizationregistry","link":"/workspaces/mayaallan-site/node_modules/.pnpm/is-finalizationregistry@1.1.1/node_modules/is-finalizationregistry"}
{"time":1766475957187,"hostname":"codespaces-c1742d","pid":228418,"level":"debug","name":"pnpm:link","target":"/workspaces/mayaallan-site/node_modules/.pnpm/node_modules/is-generator-function","link":"/workspaces/mayaallan-site/node_modules/.pnpm/is-generator-function@1.1.2/node_modules/is-generator-function"}
{"time":1766475957187,"hostname":"codespaces-c1742d","pid":228418,"level":"debug","name":"pnpm:link","target":"/workspaces/mayaallan-site/node_modules/.pnpm/node_modules/which-collection","link":"/workspaces/mayaallan-site/node_modules/.pnpm/which-collection@1.0.2/node_modules/which-collection"}
{"time":1766475957187,"hostname":"codespaces-c1742d","pid":228418,"level":"debug","name":"pnpm:link","target":"/workspaces/mayaallan-site/node_modules/.pnpm/node_modules/async-function","link":"/workspaces/mayaallan-site/node_modules/.pnpm/async-function@1.0.0/node_modules/async-function"}
{"time":1766475957187,"hostname":"codespaces-c1742d","pid":228418,"level":"debug","name":"pnpm:link","target":"/workspaces/mayaallan-site/node_modules/.pnpm/node_modules/generator-function","link":"/workspaces/mayaallan-site/node_modules/.pnpm/generator-function@2.0.1/node_modules/generator-function"}
{"time":1766475957187,"hostname":"codespaces-c1742d","pid":228418,"level":"debug","name":"pnpm:link","target":"/workspaces/mayaallan-site/node_modules/.pnpm/node_modules/is-weakmap","link":"/workspaces/mayaallan-site/node_modules/.pnpm/is-weakmap@2.0.2/node_modules/is-weakmap"}
{"time":1766475957187,"hostname":"codespaces-c1742d","pid":228418,"level":"debug","name":"pnpm:link","target":"/workspaces/mayaallan-site/node_modules/.pnpm/node_modules/is-weakset","link":"/workspaces/mayaallan-site/node_modules/.pnpm/is-weakset@2.0.4/node_modules/is-weakset"}
{"time":1766475957187,"hostname":"codespaces-c1742d","pid":228418,"level":"debug","name":"pnpm:link","target":"/workspaces/mayaallan-site/node_modules/.pnpm/node_modules/is-map","link":"/workspaces/mayaallan-site/node_modules/.pnpm/is-map@2.0.3/node_modules/is-map"}
{"time":1766475957187,"hostname":"codespaces-c1742d","pid":228418,"level":"debug","name":"pnpm:link","target":"/workspaces/mayaallan-site/node_modules/.pnpm/node_modules/resolve-from","link":"/workspaces/mayaallan-site/node_modules/.pnpm/resolve-from@4.0.0/node_modules/resolve-from"}
{"time":1766475957187,"hostname":"codespaces-c1742d","pid":228418,"level":"debug","name":"pnpm:link","target":"/workspaces/mayaallan-site/node_modules/.pnpm/node_modules/binary-extensions","link":"/workspaces/mayaallan-site/node_modules/.pnpm/binary-extensions@2.3.0/node_modules/binary-extensions"}
{"time":1766475957188,"hostname":"codespaces-c1742d","pid":228418,"level":"debug","name":"pnpm:link","target":"/workspaces/mayaallan-site/node_modules/.pnpm/node_modules/queue-microtask","link":"/workspaces/mayaallan-site/node_modules/.pnpm/queue-microtask@1.2.3/node_modules/queue-microtask"}
{"time":1766475957188,"hostname":"codespaces-c1742d","pid":228418,"level":"debug","name":"pnpm:link","target":"/workspaces/mayaallan-site/node_modules/.pnpm/node_modules/@types/ms","link":"/workspaces/mayaallan-site/node_modules/.pnpm/@types+ms@2.1.0/node_modules/@types/ms"}
{"time":1766475957229,"hostname":"codespaces-c1742d","pid":228418,"level":"debug","name":"pnpm:link","target":"/workspaces/mayaallan-site/node_modules/.pnpm/@types+jsonwebtoken@9.0.10/node_modules/@types/jsonwebtoken","link":"/workspaces/mayaallan-site/node_modules/@types/jsonwebtoken"}
{"time":1766475957229,"hostname":"codespaces-c1742d","pid":228418,"level":"debug","name":"pnpm:link","target":"/workspaces/mayaallan-site/node_modules/.pnpm/@types+node@20.19.27/node_modules/@types/node","link":"/workspaces/mayaallan-site/node_modules/@types/node"}
{"time":1766475957229,"hostname":"codespaces-c1742d","pid":228418,"level":"debug","name":"pnpm:link","target":"/workspaces/mayaallan-site/node_modules/.pnpm/@types+react@18.3.27/node_modules/@types/react","link":"/workspaces/mayaallan-site/node_modules/@types/react"}
{"time":1766475957230,"hostname":"codespaces-c1742d","pid":228418,"level":"debug","name":"pnpm:link","target":"/workspaces/mayaallan-site/node_modules/.pnpm/@types+react-dom@18.3.7_@types+react@18.3.27/node_modules/@types/react-dom","link":"/workspaces/mayaallan-site/node_modules/@types/react-dom"}
{"time":1766475957230,"hostname":"codespaces-c1742d","pid":228418,"level":"debug","name":"pnpm:link","target":"/workspaces/mayaallan-site/node_modules/.pnpm/@typescript-eslint+eslint-plugin@8.50.1_@typescript-eslint+parser@8.50.1_eslint@9.39.2__febea977cc2ba83f4afb5b0db10c4d23/node_modules/@typescript-eslint/eslint-plugin","link":"/workspaces/mayaallan-site/node_modules/@typescript-eslint/eslint-plugin"}
{"time":1766475957230,"hostname":"codespaces-c1742d","pid":228418,"level":"debug","name":"pnpm:link","target":"/workspaces/mayaallan-site/node_modules/.pnpm/@typescript-eslint+parser@8.50.1_eslint@9.39.2_jiti@1.21.7__typescript@5.9.3/node_modules/@typescript-eslint/parser","link":"/workspaces/mayaallan-site/node_modules/@typescript-eslint/parser"}
{"time":1766475957230,"hostname":"codespaces-c1742d","pid":228418,"level":"debug","name":"pnpm:link","target":"/workspaces/mayaallan-site/node_modules/.pnpm/autoprefixer@10.4.23_postcss@8.5.6/node_modules/autoprefixer","link":"/workspaces/mayaallan-site/node_modules/autoprefixer"}
{"time":1766475957230,"hostname":"codespaces-c1742d","pid":228418,"level":"debug","name":"pnpm:link","target":"/workspaces/mayaallan-site/node_modules/.pnpm/drizzle-kit@0.31.8/node_modules/drizzle-kit","link":"/workspaces/mayaallan-site/node_modules/drizzle-kit"}
{"time":1766475957230,"hostname":"codespaces-c1742d","pid":228418,"level":"debug","name":"pnpm:link","target":"/workspaces/mayaallan-site/node_modules/.pnpm/esbuild@0.25.12/node_modules/esbuild","link":"/workspaces/mayaallan-site/node_modules/esbuild"}
{"time":1766475957230,"hostname":"codespaces-c1742d","pid":228418,"level":"debug","name":"pnpm:link","target":"/workspaces/mayaallan-site/node_modules/.pnpm/eslint@9.39.2_jiti@1.21.7/node_modules/eslint","link":"/workspaces/mayaallan-site/node_modules/eslint"}
{"time":1766475957230,"hostname":"codespaces-c1742d","pid":228418,"level":"debug","name":"pnpm:link","target":"/workspaces/mayaallan-site/node_modules/.pnpm/eslint-config-next@16.1.1_@typescript-eslint+parser@8.50.1_eslint@9.39.2_jiti@1.21.7__t_0dd2dadf65de6cc4693802d205bdb7c7/node_modules/eslint-config-next","link":"/workspaces/mayaallan-site/node_modules/eslint-config-next"}
{"time":1766475957231,"hostname":"codespaces-c1742d","pid":228418,"level":"debug","name":"pnpm:link","target":"/workspaces/mayaallan-site/node_modules/.pnpm/eslint-plugin-import@2.32.0_@typescript-eslint+parser@8.50.1_eslint@9.39.2_jiti@1.21.7__9f7f30020f6013e14bb40864c0531c71/node_modules/eslint-plugin-import","link":"/workspaces/mayaallan-site/node_modules/eslint-plugin-import"}
{"time":1766475957231,"hostname":"codespaces-c1742d","pid":228418,"level":"debug","name":"pnpm:link","target":"/workspaces/mayaallan-site/node_modules/.pnpm/eslint-plugin-jsx-a11y@6.10.2_eslint@9.39.2_jiti@1.21.7_/node_modules/eslint-plugin-jsx-a11y","link":"/workspaces/mayaallan-site/node_modules/eslint-plugin-jsx-a11y"}
{"time":1766475957231,"hostname":"codespaces-c1742d","pid":228418,"level":"debug","name":"pnpm:link","target":"/workspaces/mayaallan-site/node_modules/.pnpm/eslint-plugin-react@7.37.5_eslint@9.39.2_jiti@1.21.7_/node_modules/eslint-plugin-react","link":"/workspaces/mayaallan-site/node_modules/eslint-plugin-react"}
{"time":1766475957231,"hostname":"codespaces-c1742d","pid":228418,"level":"debug","name":"pnpm:link","target":"/workspaces/mayaallan-site/node_modules/.pnpm/eslint-plugin-react-hooks@7.0.1_eslint@9.39.2_jiti@1.21.7_/node_modules/eslint-plugin-react-hooks","link":"/workspaces/mayaallan-site/node_modules/eslint-plugin-react-hooks"}
{"time":1766475957231,"hostname":"codespaces-c1742d","pid":228418,"level":"debug","name":"pnpm:link","target":"/workspaces/mayaallan-site/node_modules/.pnpm/postcss@8.5.6/node_modules/postcss","link":"/workspaces/mayaallan-site/node_modules/postcss"}
{"time":1766475957231,"hostname":"codespaces-c1742d","pid":228418,"level":"debug","name":"pnpm:link","target":"/workspaces/mayaallan-site/node_modules/.pnpm/tailwindcss@3.4.19/node_modules/tailwindcss","link":"/workspaces/mayaallan-site/node_modules/tailwindcss"}
{"time":1766475957231,"hostname":"codespaces-c1742d","pid":228418,"level":"debug","name":"pnpm:link","target":"/workspaces/mayaallan-site/node_modules/.pnpm/typescript@5.9.3/node_modules/typescript","link":"/workspaces/mayaallan-site/node_modules/typescript"}
{"time":1766475957231,"hostname":"codespaces-c1742d","pid":228418,"level":"debug","name":"pnpm:link","target":"/workspaces/mayaallan-site/node_modules/.pnpm/@vercel+blob@0.27.3/node_modules/@vercel/blob","link":"/workspaces/mayaallan-site/node_modules/@vercel/blob"}
{"time":1766475957231,"hostname":"codespaces-c1742d","pid":228418,"level":"debug","name":"pnpm:link","target":"/workspaces/mayaallan-site/node_modules/.pnpm/bcryptjs@3.0.3/node_modules/bcryptjs","link":"/workspaces/mayaallan-site/node_modules/bcryptjs"}
{"time":1766475957231,"hostname":"codespaces-c1742d","pid":228418,"level":"debug","name":"pnpm:link","target":"/workspaces/mayaallan-site/node_modules/.pnpm/drizzle-orm@0.44.7_postgres@3.4.7/node_modules/drizzle-orm","link":"/workspaces/mayaallan-site/node_modules/drizzle-orm"}
{"time":1766475957231,"hostname":"codespaces-c1742d","pid":228418,"level":"debug","name":"pnpm:link","target":"/workspaces/mayaallan-site/node_modules/.pnpm/iron-session@8.0.4/node_modules/iron-session","link":"/workspaces/mayaallan-site/node_modules/iron-session"}
{"time":1766475957231,"hostname":"codespaces-c1742d","pid":228418,"level":"debug","name":"pnpm:link","target":"/workspaces/mayaallan-site/node_modules/.pnpm/jsonwebtoken@9.0.3/node_modules/jsonwebtoken","link":"/workspaces/mayaallan-site/node_modules/jsonwebtoken"}
{"time":1766475957231,"hostname":"codespaces-c1742d","pid":228418,"level":"debug","name":"pnpm:link","target":"/workspaces/mayaallan-site/node_modules/.pnpm/next@14.2.35_@babel+core@7.28.5_react-dom@18.3.1_react@18.3.1__react@18.3.1/node_modules/next","link":"/workspaces/mayaallan-site/node_modules/next"}
{"time":1766475957231,"hostname":"codespaces-c1742d","pid":228418,"level":"debug","name":"pnpm:link","target":"/workspaces/mayaallan-site/node_modules/.pnpm/postgres@3.4.7/node_modules/postgres","link":"/workspaces/mayaallan-site/node_modules/postgres"}
{"time":1766475957232,"hostname":"codespaces-c1742d","pid":228418,"level":"debug","name":"pnpm:link","target":"/workspaces/mayaallan-site/node_modules/.pnpm/react@18.3.1/node_modules/react","link":"/workspaces/mayaallan-site/node_modules/react"}
{"time":1766475957232,"hostname":"codespaces-c1742d","pid":228418,"level":"debug","name":"pnpm:link","target":"/workspaces/mayaallan-site/node_modules/.pnpm/react-dom@18.3.1_react@18.3.1/node_modules/react-dom","link":"/workspaces/mayaallan-site/node_modules/react-dom"}
{"time":1766475957232,"hostname":"codespaces-c1742d","pid":228418,"level":"debug","name":"pnpm:link","target":"/workspaces/mayaallan-site/node_modules/.pnpm/zod@4.2.1/node_modules/zod","link":"/workspaces/mayaallan-site/node_modules/zod"}
{"time":1766475957232,"hostname":"codespaces-c1742d","pid":228418,"level":"debug","name":"pnpm:root","added":{"dependencyType":"dev","id":"autoprefixer@10.4.23","name":"autoprefixer","realName":"autoprefixer","version":"10.4.23"},"prefix":"/workspaces/mayaallan-site"}
{"time":1766475957232,"hostname":"codespaces-c1742d","pid":228418,"level":"debug","name":"pnpm:root","added":{"dependencyType":"dev","id":"drizzle-kit@0.31.8","name":"drizzle-kit","realName":"drizzle-kit","version":"0.31.8"},"prefix":"/workspaces/mayaallan-site"}
{"time":1766475957232,"hostname":"codespaces-c1742d","pid":228418,"level":"debug","name":"pnpm:root","added":{"dependencyType":"dev","id":"esbuild@0.25.12","latest":"0.27.2","name":"esbuild","realName":"esbuild","version":"0.25.12"},"prefix":"/workspaces/mayaallan-site"}
{"time":1766475957232,"hostname":"codespaces-c1742d","pid":228418,"level":"debug","name":"pnpm:root","added":{"dependencyType":"dev","id":"eslint@9.39.2","name":"eslint","realName":"eslint","version":"9.39.2"},"prefix":"/workspaces/mayaallan-site"}
{"time":1766475957232,"hostname":"codespaces-c1742d","pid":228418,"level":"debug","name":"pnpm:root","added":{"dependencyType":"dev","id":"eslint-config-next@16.1.1","name":"eslint-config-next","realName":"eslint-config-next","version":"16.1.1"},"prefix":"/workspaces/mayaallan-site"}
{"time":1766475957232,"hostname":"codespaces-c1742d","pid":228418,"level":"debug","name":"pnpm:root","added":{"dependencyType":"dev","id":"eslint-plugin-import@2.32.0","name":"eslint-plugin-import","realName":"eslint-plugin-import","version":"2.32.0"},"prefix":"/workspaces/mayaallan-site"}
{"time":1766475957232,"hostname":"codespaces-c1742d","pid":228418,"level":"debug","name":"pnpm:root","added":{"dependencyType":"dev","id":"eslint-plugin-jsx-a11y@6.10.2","name":"eslint-plugin-jsx-a11y","realName":"eslint-plugin-jsx-a11y","version":"6.10.2"},"prefix":"/workspaces/mayaallan-site"}
{"time":1766475957232,"hostname":"codespaces-c1742d","pid":228418,"level":"debug","name":"pnpm:root","added":{"dependencyType":"dev","id":"postcss@8.5.6","name":"postcss","realName":"postcss","version":"8.5.6"},"prefix":"/workspaces/mayaallan-site"}
{"time":1766475957233,"hostname":"codespaces-c1742d","pid":228418,"level":"debug","name":"pnpm:root","added":{"dependencyType":"dev","id":"tailwindcss@3.4.19","latest":"4.1.18","name":"tailwindcss","realName":"tailwindcss","version":"3.4.19"},"prefix":"/workspaces/mayaallan-site"}
{"time":1766475957233,"hostname":"codespaces-c1742d","pid":228418,"level":"debug","name":"pnpm:root","added":{"dependencyType":"dev","id":"eslint-plugin-react@7.37.5","name":"eslint-plugin-react","realName":"eslint-plugin-react","version":"7.37.5"},"prefix":"/workspaces/mayaallan-site"}
{"time":1766475957233,"hostname":"codespaces-c1742d","pid":228418,"level":"debug","name":"pnpm:root","added":{"dependencyType":"prod","id":"bcryptjs@3.0.3","name":"bcryptjs","realName":"bcryptjs","version":"3.0.3"},"prefix":"/workspaces/mayaallan-site"}
{"time":1766475957233,"hostname":"codespaces-c1742d","pid":228418,"level":"debug","name":"pnpm:root","added":{"dependencyType":"prod","id":"iron-session@8.0.4","name":"iron-session","realName":"iron-session","version":"8.0.4"},"prefix":"/workspaces/mayaallan-site"}
{"time":1766475957233,"hostname":"codespaces-c1742d","pid":228418,"level":"debug","name":"pnpm:root","added":{"dependencyType":"prod","id":"jsonwebtoken@9.0.3","name":"jsonwebtoken","realName":"jsonwebtoken","version":"9.0.3"},"prefix":"/workspaces/mayaallan-site"}
{"time":1766475957233,"hostname":"codespaces-c1742d","pid":228418,"level":"debug","name":"pnpm:root","added":{"dependencyType":"prod","id":"next@14.2.35","latest":"16.1.1","name":"next","realName":"next","version":"14.2.35"},"prefix":"/workspaces/mayaallan-site"}
{"time":1766475957233,"hostname":"codespaces-c1742d","pid":228418,"level":"debug","name":"pnpm:root","added":{"dependencyType":"prod","id":"postgres@3.4.7","name":"postgres","realName":"postgres","version":"3.4.7"},"prefix":"/workspaces/mayaallan-site"}
{"time":1766475957233,"hostname":"codespaces-c1742d","pid":228418,"level":"debug","name":"pnpm:root","added":{"dependencyType":"prod","id":"drizzle-orm@0.44.7","latest":"0.45.1","name":"drizzle-orm","realName":"drizzle-orm","version":"0.44.7"},"prefix":"/workspaces/mayaallan-site"}
{"time":1766475957233,"hostname":"codespaces-c1742d","pid":228418,"level":"debug","name":"pnpm:root","added":{"dependencyType":"prod","id":"react-dom@18.3.1","latest":"19.2.3","name":"react-dom","realName":"react-dom","version":"18.3.1"},"prefix":"/workspaces/mayaallan-site"}
{"time":1766475957233,"hostname":"codespaces-c1742d","pid":228418,"level":"debug","name":"pnpm:root","added":{"dependencyType":"prod","id":"zod@4.2.1","name":"zod","realName":"zod","version":"4.2.1"},"prefix":"/workspaces/mayaallan-site"}
{"time":1766475957233,"hostname":"codespaces-c1742d","pid":228418,"level":"debug","name":"pnpm:root","added":{"dependencyType":"prod","id":"react@18.3.1","latest":"19.2.3","name":"react","realName":"react","version":"18.3.1"},"prefix":"/workspaces/mayaallan-site"}
{"time":1766475957234,"hostname":"codespaces-c1742d","pid":228418,"level":"debug","name":"pnpm:root","added":{"dependencyType":"dev","id":"eslint-plugin-react-hooks@7.0.1","name":"eslint-plugin-react-hooks","realName":"eslint-plugin-react-hooks","version":"7.0.1"},"prefix":"/workspaces/mayaallan-site"}
{"time":1766475957234,"hostname":"codespaces-c1742d","pid":228418,"level":"debug","name":"pnpm:root","added":{"dependencyType":"dev","id":"typescript@5.9.3","name":"typescript","realName":"typescript","version":"5.9.3"},"prefix":"/workspaces/mayaallan-site"}
{"time":1766475957234,"hostname":"codespaces-c1742d","pid":228418,"level":"debug","name":"pnpm:root","added":{"dependencyType":"dev","id":"@types/jsonwebtoken@9.0.10","name":"@types/jsonwebtoken","realName":"@types/jsonwebtoken","version":"9.0.10"},"prefix":"/workspaces/mayaallan-site"}
{"time":1766475957234,"hostname":"codespaces-c1742d","pid":228418,"level":"debug","name":"pnpm:root","added":{"dependencyType":"dev","id":"@typescript-eslint/eslint-plugin@8.50.1","name":"@typescript-eslint/eslint-plugin","realName":"@typescript-eslint/eslint-plugin","version":"8.50.1"},"prefix":"/workspaces/mayaallan-site"}
{"time":1766475957234,"hostname":"codespaces-c1742d","pid":228418,"level":"debug","name":"pnpm:root","added":{"dependencyType":"prod","id":"@vercel/blob@0.27.3","latest":"2.0.0","name":"@vercel/blob","realName":"@vercel/blob","version":"0.27.3"},"prefix":"/workspaces/mayaallan-site"}
{"time":1766475957235,"hostname":"codespaces-c1742d","pid":228418,"level":"debug","name":"pnpm:root","added":{"dependencyType":"dev","id":"@types/react@18.3.27","latest":"19.2.7","name":"@types/react","realName":"@types/react","version":"18.3.27"},"prefix":"/workspaces/mayaallan-site"}
{"time":1766475957235,"hostname":"codespaces-c1742d","pid":228418,"level":"debug","name":"pnpm:root","added":{"dependencyType":"dev","id":"@types/react-dom@18.3.7","latest":"19.2.3","name":"@types/react-dom","realName":"@types/react-dom","version":"18.3.7"},"prefix":"/workspaces/mayaallan-site"}
{"time":1766475957235,"hostname":"codespaces-c1742d","pid":228418,"level":"debug","name":"pnpm:root","added":{"dependencyType":"dev","id":"@typescript-eslint/parser@8.50.1","name":"@typescript-eslint/parser","realName":"@typescript-eslint/parser","version":"8.50.1"},"prefix":"/workspaces/mayaallan-site"}
{"time":1766475957235,"hostname":"codespaces-c1742d","pid":228418,"level":"debug","name":"pnpm:root","added":{"dependencyType":"dev","id":"@types/node@20.19.27","latest":"25.0.3","name":"@types/node","realName":"@types/node","version":"20.19.27"},"prefix":"/workspaces/mayaallan-site"}
{"time":1766475957241,"hostname":"codespaces-c1742d","pid":228418,"level":"debug","name":"pnpm:ignored-scripts","packageNames":["esbuild","unrs-resolver"]}
{"time":1766475957466,"hostname":"codespaces-c1742d","pid":228418,"level":"debug","name":"pnpm:lockfile","message":"`pnpm-lock.yaml` differs from `node_modules/.pnpm/lock.yaml`","prefix":"/workspaces/mayaallan-site"}
{"time":1766475957781,"hostname":"codespaces-c1742d","pid":228418,"level":"debug","name":"pnpm:summary","prefix":"/workspaces/mayaallan-site"}
{"time":1766475957782,"hostname":"codespaces-c1742d","pid":228418,"level":"debug","name":"pnpm","msg":"updating workspace state"}
{"time":1766475957799,"hostname":"codespaces-c1742d","pid":228418,"level":"debug","name":"pnpm:execution-time","startedAt":1766475937741,"endedAt":1766475957799}
=== PNPM FIX END: Tue Dec 23 07:45:57 UTC 2025 ===
]633;D;0]633;P;Cwd=/workspaces/mayaallan-site[?2004h]633;A[0;32m@mallan67 [0m [1;34m/workspaces/mayaallan-site [0;36m([1;31mmain[0;36m) [0m$ ]633;B[K]633;A[0;32m@mallan67 [0m [1;34m/workspaces/mayaallan-site [0;36m([1;31mmain[0;36m) [0m$ ]633;B[K]633;A[0;32m@mallan67 [0m [1;34m/workspaces/mayaallan-site [0;36m([1;31mmain[0;36m) [0m$ ]633;B[K]633;A[0;32m@mallan67 [0m [1;34m/workspaces/mayaallan-site [0;36m([1;31mmain[0;36m) [0m$ ]633;B[?2004l[?2004h[?2004l
