  ▲ Next.js 14.2.35

   Creating an optimized production build ...
 ✓ Compiled successfully
   Linting and checking validity of types ...
   Collecting page data ...
   Generating static pages (0/15) ...
   Generating static pages (3/15) 
   Generating static pages (7/15) 
   Generating static pages (11/15) 
 ✓ Generating static pages (15/15)
   Finalizing page optimization ...
   Collecting build traces ...

Route (app)                              Size     First Load JS
┌ ○ /                                    175 B          96.1 kB
├ ○ /_not-found                          873 B          88.1 kB
├ ○ /about                               158 B          87.4 kB
├ ○ /admin                               158 B          87.4 kB
├ ○ /admin/login                         703 B          87.9 kB
├ ƒ /api/admin/login                     0 B                0 B
├ ƒ /api/admin/logout                    0 B                0 B
├ ○ /articles                            158 B          87.4 kB
├ ○ /books                               158 B          87.4 kB
├ ○ /contact                             158 B          87.4 kB
├ ○ /events                              158 B          87.4 kB
├ ○ /legal                               158 B          87.4 kB
└ ○ /media                               158 B          87.4 kB
+ First Load JS shared by all            87.2 kB
  ├ chunks/117-29466efefd806f9c.js       31.7 kB
  ├ chunks/fd9d1056-3eee857bde8f3b06.js  53.6 kB
  └ other shared chunks (total)          1.86 kB


○  (Static)   prerendered as static content
ƒ  (Dynamic)  server-rendered on demand

