Running npx next build (may take time)...
  ▲ Next.js 14.2.35

   Creating an optimized production build ...
 ✓ Compiled successfully
   Linting and checking validity of types ...
   Collecting page data ...
Error: Missing POSTGRES_URL or DATABASE_URL
    at 8542 (/workspaces/mayaallan-site/.next/server/app/api/admin/login/route.js:47:42468)
    at t (/workspaces/mayaallan-site/.next/server/webpack-runtime.js:1:127)
    at n (/workspaces/mayaallan-site/.next/server/app/api/admin/login/route.js:47:50296)
    at /workspaces/mayaallan-site/.next/server/app/api/admin/login/route.js:47:50327
    at t.X (/workspaces/mayaallan-site/.next/server/webpack-runtime.js:1:1191)
    at /workspaces/mayaallan-site/.next/server/app/api/admin/login/route.js:47:50309
    at Object.<anonymous> (/workspaces/mayaallan-site/.next/server/app/api/admin/login/route.js:47:50354)
    at Module._compile (node:internal/modules/cjs/loader:1761:14)
    at Object..js (node:internal/modules/cjs/loader:1893:10)
    at Module.load (node:internal/modules/cjs/loader:1481:32)

> Build error occurred
Error: Failed to collect page data for /api/admin/login
    at /workspaces/mayaallan-site/node_modules/next/dist/build/utils.js:1269:15
    at process.processTicksAndRejections (node:internal/process/task_queues:103:5) {
  type: 'Error'
}
